<?xml version="1.0" encoding="UTF-8"?>
<!-- Generated by org.testng.reporters.JUnitXMLReporter -->
<testsuite hostname="hp" ignored="2" tests="0" failures="0" timestamp="2022-07-13T12:10:47 IST" time="0.027" errors="0">
  <testcase name="loginByEmail" time="0.0" classname="listnerpractice.loginTest">
    <ignored/>
  </testcase> <!-- loginByEmail -->
  <testcase name="loginByFacebook" time="0.0" classname="listnerpractice.loginTest">
    <ignored/>
  </testcase> <!-- loginByFacebook -->
</testsuite>
